Compiling the C compiler identification source file "CMakeCCompilerId.c" failed.
Compiler: /home/work/toolchain_gnueabi-4.4.0_ARMv5TE/usr/bin/arm-linux-gcc 
Build flags: 
Id flags:  

The output was:
Segmentation fault


Compiling the C compiler identification source file "CMakeCCompilerId.c" failed.
Compiler: /home/work/toolchain_gnueabi-4.4.0_ARMv5TE/usr/bin/arm-linux-gcc 
Build flags: 
Id flags: -c 

The output was:
Segmentation fault


Compiling the C compiler identification source file "CMakeCCompilerId.c" failed.
Compiler: /home/work/toolchain_gnueabi-4.4.0_ARMv5TE/usr/bin/arm-linux-gcc 
Build flags: 
Id flags: -Aa 

The output was:
Segmentation fault


Compiling the C compiler identification source file "CMakeCCompilerId.c" failed.
Compiler: /home/work/toolchain_gnueabi-4.4.0_ARMv5TE/usr/bin/arm-linux-gcc 
Build flags: 
Id flags: -D__CLASSIC_C__ 

The output was:
Segmentation fault


Compiling the C compiler identification source file "CMakeCCompilerId.c" failed.
Compiler: /home/work/toolchain_gnueabi-4.4.0_ARMv5TE/usr/bin/arm-linux-gcc 
Build flags: 
Id flags:  

The output was:
Segmentation fault


Compiling the C compiler identification source file "CMakeCCompilerId.c" failed.
Compiler: /home/work/toolchain_gnueabi-4.4.0_ARMv5TE/usr/bin/arm-linux-gcc 
Build flags: 
Id flags: -c 

The output was:
Segmentation fault


Compiling the C compiler identification source file "CMakeCCompilerId.c" failed.
Compiler: /home/work/toolchain_gnueabi-4.4.0_ARMv5TE/usr/bin/arm-linux-gcc 
Build flags: 
Id flags: -Aa 

The output was:
Segmentation fault


Compiling the C compiler identification source file "CMakeCCompilerId.c" failed.
Compiler: /home/work/toolchain_gnueabi-4.4.0_ARMv5TE/usr/bin/arm-linux-gcc 
Build flags: 
Id flags: -D__CLASSIC_C__ 

The output was:
Segmentation fault


Checking whether the C compiler is IAR using "" did not match "IAR .+ Compiler":
Checking whether the C compiler is IAR using "" did not match "IAR .+ Compiler":
Compiling the CXX compiler identification source file "CMakeCXXCompilerId.cpp" failed.
Compiler: /home/work/toolchain_gnueabi-4.4.0_ARMv5TE/usr/bin/arm-linux-g++ 
Build flags: 
Id flags:  

The output was:
Segmentation fault


Compiling the CXX compiler identification source file "CMakeCXXCompilerId.cpp" failed.
Compiler: /home/work/toolchain_gnueabi-4.4.0_ARMv5TE/usr/bin/arm-linux-g++ 
Build flags: 
Id flags: -c 

The output was:
Segmentation fault


Compiling the CXX compiler identification source file "CMakeCXXCompilerId.cpp" failed.
Compiler: /home/work/toolchain_gnueabi-4.4.0_ARMv5TE/usr/bin/arm-linux-g++ 
Build flags: 
Id flags: --c++ 

The output was:
Segmentation fault


Compiling the CXX compiler identification source file "CMakeCXXCompilerId.cpp" failed.
Compiler: /home/work/toolchain_gnueabi-4.4.0_ARMv5TE/usr/bin/arm-linux-g++ 
Build flags: 
Id flags: --ec++ 

The output was:
Segmentation fault


Compiling the CXX compiler identification source file "CMakeCXXCompilerId.cpp" failed.
Compiler: /home/work/toolchain_gnueabi-4.4.0_ARMv5TE/usr/bin/arm-linux-g++ 
Build flags: 
Id flags:  

The output was:
Segmentation fault


Compiling the CXX compiler identification source file "CMakeCXXCompilerId.cpp" failed.
Compiler: /home/work/toolchain_gnueabi-4.4.0_ARMv5TE/usr/bin/arm-linux-g++ 
Build flags: 
Id flags: -c 

The output was:
Segmentation fault


Compiling the CXX compiler identification source file "CMakeCXXCompilerId.cpp" failed.
Compiler: /home/work/toolchain_gnueabi-4.4.0_ARMv5TE/usr/bin/arm-linux-g++ 
Build flags: 
Id flags: --c++ 

The output was:
Segmentation fault


Compiling the CXX compiler identification source file "CMakeCXXCompilerId.cpp" failed.
Compiler: /home/work/toolchain_gnueabi-4.4.0_ARMv5TE/usr/bin/arm-linux-g++ 
Build flags: 
Id flags: --ec++ 

The output was:
Segmentation fault


Checking whether the CXX compiler is IAR using "" did not match "IAR .+ Compiler":
Checking whether the CXX compiler is IAR using "" did not match "IAR .+ Compiler":
Determining if the C compiler works failed with the following output:
Change Dir: /home/work/codes/mimc/mimc-cpp-sdk/msg-libs/xmdtransceiver/bin/CMakeFiles/CMakeTmp

Run Build Command:"/usr/bin/gmake" "cmTC_040cf/fast"
/usr/bin/gmake -f CMakeFiles/cmTC_040cf.dir/build.make CMakeFiles/cmTC_040cf.dir/build
gmake[1]: Entering directory `/home/work/codes/mimc/mimc-cpp-sdk/msg-libs/xmdtransceiver/bin/CMakeFiles/CMakeTmp'
Building C object CMakeFiles/cmTC_040cf.dir/testCCompiler.c.o
/home/work/toolchain_gnueabi-4.4.0_ARMv5TE/usr/bin/arm-linux-gcc    -o CMakeFiles/cmTC_040cf.dir/testCCompiler.c.o   -c /home/work/codes/mimc/mimc-cpp-sdk/msg-libs/xmdtransceiver/bin/CMakeFiles/CMakeTmp/testCCompiler.c
gmake[1]: *** [CMakeFiles/cmTC_040cf.dir/testCCompiler.c.o] Segmentation fault
gmake[1]: Leaving directory `/home/work/codes/mimc/mimc-cpp-sdk/msg-libs/xmdtransceiver/bin/CMakeFiles/CMakeTmp'
gmake: *** [cmTC_040cf/fast] Error 2


